<?xml version="1.0" encoding="UTF-8"?>
<!-- Generated by org.testng.reporters.JUnitReportReporter -->
<testsuite hostname="DESKTOP-9STP60L" failures="0" tests="1" name="test.ValidatingSearchField" time="1.905" errors="0" timestamp="2023-07-11T19:58:02 IST" skipped="0">
  <testcase classname="test.ValidatingSearchField" name="validateSearchBar" time="1.905">
    <system-out>
      <![CDATA[Waiting to load page-1000
Entering product in search barIphone14 pro max
Clickinf on search icon
Waiting to load page-1000
Entering product in search barLaptop]]>
    </system-out>
  </testcase> <!-- validateSearchBar -->
  <system-out>
    <![CDATA[Opening browser and navingating to Flipkart application
Waiting to load page-1000
Closed login popup
Waiting to load page-1000
Entering product in search barIphone14 pro max
Clickinf on search icon
Waiting to load page-1000
Entering product in search barLaptop]]>
  </system-out>
</testsuite> <!-- test.ValidatingSearchField -->
